[debug] [2022-03-10T00:16:14.571Z] ----------------------------------------------------------------------
[debug] [2022-03-10T00:16:14.572Z] Command:       /home/isaac/.nvm/versions/node/v16.13.1/bin/node /usr/local/bin/firebase deploy
[debug] [2022-03-10T00:16:14.573Z] CLI Version:   10.0.1
[debug] [2022-03-10T00:16:14.573Z] Platform:      linux
[debug] [2022-03-10T00:16:14.573Z] Node Version:  v16.13.1
[debug] [2022-03-10T00:16:14.573Z] Time:          Wed Mar 09 2022 18:16:14 GMT-0600 (hora estándar central)
[debug] [2022-03-10T00:16:14.573Z] ----------------------------------------------------------------------
[debug] 
[debug] [2022-03-10T00:16:14.606Z] > command requires scopes: ["email","openid","https://www.googleapis.com/auth/cloudplatformprojects.readonly","https://www.googleapis.com/auth/firebase","https://www.googleapis.com/auth/cloud-platform"]
[debug] [2022-03-10T00:16:14.607Z] > authorizing via signed-in user (yucatannorth.adm@gmail.com)
[debug] [2022-03-10T00:16:14.607Z] [iam] checking project yucatan-north-web for permissions ["cloudfunctions.functions.create","cloudfunctions.functions.delete","cloudfunctions.functions.get","cloudfunctions.functions.list","cloudfunctions.functions.update","cloudfunctions.operations.get","firebase.projects.get","firebasehosting.sites.update"]
[debug] [2022-03-10T00:16:14.608Z] >>> HTTP REQUEST POST https://cloudresourcemanager.googleapis.com/v1/projects/yucatan-north-web:testIamPermissions  
 {"permissions":["cloudfunctions.functions.create","cloudfunctions.functions.delete","cloudfunctions.functions.get","cloudfunctions.functions.list","cloudfunctions.functions.update","cloudfunctions.operations.get","firebase.projects.get","firebasehosting.sites.update"]}
[debug] [2022-03-10T00:16:15.938Z] <<< HTTP RESPONSE 200 {"content-type":"application/json; charset=UTF-8","vary":"X-Origin, Referer, Origin,Accept-Encoding","date":"Thu, 10 Mar 2022 00:16:14 GMT","server":"ESF","cache-control":"private","x-xss-protection":"0","x-frame-options":"SAMEORIGIN","x-content-type-options":"nosniff","server-timing":"gfet4t7; dur=107","alt-svc":"h3=\":443\"; ma=2592000,h3-29=\":443\"; ma=2592000,h3-Q050=\":443\"; ma=2592000,h3-Q046=\":443\"; ma=2592000,h3-Q043=\":443\"; ma=2592000,quic=\":443\"; ma=2592000; v=\"46,43\"","accept-ranges":"none","transfer-encoding":"chunked"}
[debug] [2022-03-10T00:16:15.941Z] >>> HTTP REQUEST POST https://iam.googleapis.com/v1/projects/yucatan-north-web/serviceAccounts/yucatan-north-web@appspot.gserviceaccount.com:testIamPermissions  
 {"permissions":["iam.serviceAccounts.actAs"]}
[debug] [2022-03-10T00:16:16.233Z] <<< HTTP RESPONSE 200 {"content-type":"application/json; charset=UTF-8","vary":"X-Origin, Referer, Origin,Accept-Encoding","date":"Thu, 10 Mar 2022 00:16:16 GMT","server":"ESF","cache-control":"private","x-xss-protection":"0","x-frame-options":"SAMEORIGIN","x-content-type-options":"nosniff","alt-svc":"h3=\":443\"; ma=2592000,h3-29=\":443\"; ma=2592000,h3-Q050=\":443\"; ma=2592000,h3-Q046=\":443\"; ma=2592000,h3-Q043=\":443\"; ma=2592000,quic=\":443\"; ma=2592000; v=\"46,43\"","accept-ranges":"none","transfer-encoding":"chunked"}
[debug] [2022-03-10T00:16:16.238Z] > refreshing access token with scopes: []
[debug] [2022-03-10T00:16:16.239Z] >>> HTTP REQUEST POST https://www.googleapis.com/oauth2/v3/token  
 <request body omitted>
[debug] [2022-03-10T00:16:16.400Z] <<< HTTP RESPONSE 200 {"cache-control":"no-cache, no-store, max-age=0, must-revalidate","expires":"Mon, 01 Jan 1990 00:00:00 GMT","date":"Thu, 10 Mar 2022 00:16:16 GMT","pragma":"no-cache","content-type":"application/json; charset=utf-8","vary":"X-Origin, Referer, Origin,Accept-Encoding","server":"scaffolding on HTTPServer2","x-xss-protection":"0","x-frame-options":"SAMEORIGIN","x-content-type-options":"nosniff","alt-svc":"h3=\":443\"; ma=2592000,h3-29=\":443\"; ma=2592000,h3-Q050=\":443\"; ma=2592000,h3-Q046=\":443\"; ma=2592000,h3-Q043=\":443\"; ma=2592000,quic=\":443\"; ma=2592000; v=\"46,43\"","accept-ranges":"none","transfer-encoding":"chunked"}
[debug] [2022-03-10T00:16:16.431Z] >>> [apiv2][query] GET https://firebase.googleapis.com/v1beta1/projects/yucatan-north-web [none]
